2026-05-11 10:17:33 INFO  o.s.boot.SpringApplication - Starting application using Java 21.0.10 with PID 2132 (started by codri in E:\GitHub\TankingTanks)
2026-05-11 10:17:33 INFO  o.s.boot.SpringApplication - No active profile set, falling back to 1 default profile: "default"
2026-05-11 10:17:33 INFO  o.s.d.r.c.RepositoryConfigurationDelegate - Bootstrapping Spring Data JPA repositories in DEFAULT mode.
2026-05-11 10:17:34 INFO  o.s.d.r.c.RepositoryConfigurationDelegate - Finished Spring Data repository scanning in 85 ms. Found 4 JPA repository interfaces.
2026-05-11 10:17:35 INFO  org.ehcache.core.EhcacheManager - Cache 'manufacturers' created in EhcacheManager.
2026-05-11 10:17:35 INFO  org.ehcache.core.EhcacheManager - Cache 'tanks' created in EhcacheManager.
2026-05-11 10:17:35 INFO  org.ehcache.core.EhcacheManager - Cache 'manufacturer' created in EhcacheManager.
2026-05-11 10:17:35 INFO  o.ehcache.jsr107.Eh107CacheManager - Registering Ehcache MBean javax.cache:type=CacheStatistics,CacheManager=file./E./GitHub/TankingTanks/build/resources/main/ehcache.xml,Cache=manufacturers
2026-05-11 10:17:35 INFO  o.ehcache.jsr107.Eh107CacheManager - Registering Ehcache MBean javax.cache:type=CacheStatistics,CacheManager=file./E./GitHub/TankingTanks/build/resources/main/ehcache.xml,Cache=tanks
2026-05-11 10:17:35 INFO  o.ehcache.jsr107.Eh107CacheManager - Registering Ehcache MBean javax.cache:type=CacheStatistics,CacheManager=file./E./GitHub/TankingTanks/build/resources/main/ehcache.xml,Cache=manufacturer
2026-05-11 10:17:35 INFO  com.zaxxer.hikari.HikariDataSource - HikariPool-1 - Starting...
2026-05-11 10:17:35 INFO  com.zaxxer.hikari.pool.HikariPool - HikariPool-1 - Added connection ConnectionID:1 ClientConnectionId: d93c12a5-dc27-495d-9567-42bf68beb352
2026-05-11 10:17:35 INFO  com.zaxxer.hikari.HikariDataSource - HikariPool-1 - Start completed.
2026-05-11 10:17:36 INFO  liquibase.database - Set default schema name to dbo
2026-05-11 10:17:36 INFO  liquibase.changelog - Reading from DATABASECHANGELOG
2026-05-11 10:17:36 INFO  liquibase.ui - Database is up to date, no changesets to execute
2026-05-11 10:17:36 INFO  liquibase.changelog - Reading from DATABASECHANGELOG
2026-05-11 10:17:36 INFO  liquibase.util - UPDATE SUMMARY
2026-05-11 10:17:36 INFO  liquibase.util - Run:                          0
2026-05-11 10:17:36 INFO  liquibase.util - Previously run:              12
2026-05-11 10:17:36 INFO  liquibase.util - Filtered out:                 0
2026-05-11 10:17:36 INFO  liquibase.util - -------------------------------
2026-05-11 10:17:36 INFO  liquibase.util - Total change sets:           12
2026-05-11 10:17:36 INFO  liquibase.util - Update summary generated
2026-05-11 10:17:36 INFO  liquibase.lockservice - Successfully released change log lock
2026-05-11 10:17:36 INFO  liquibase.command - Command execution complete
2026-05-11 10:17:37 INFO  o.h.jpa.internal.util.LogHelper - HHH000204: Processing PersistenceUnitInfo [name: default]
2026-05-11 10:17:37 INFO  org.hibernate.Version - HHH000412: Hibernate ORM core version 6.5.2.Final
2026-05-11 10:17:37 INFO  o.h.c.i.RegionFactoryInitiator - HHH000026: Second-level cache disabled
2026-05-11 10:17:37 INFO  o.s.o.j.p.SpringPersistenceUnitInfo - No LoadTimeWeaver setup: ignoring JPA class transformer
2026-05-11 10:17:37 WARN  org.hibernate.orm.deprecation - HHH90000025: SQLServerDialect does not need to be specified explicitly using 'hibernate.dialect' (remove the property setting and it will be selected by default)
2026-05-11 10:17:38 INFO  o.h.e.t.j.p.i.JtaPlatformInitiator - HHH000489: No JTA platform available (set 'hibernate.transaction.jta.platform' to enable JTA platform integration)
2026-05-11 10:17:38 INFO  o.s.o.j.LocalContainerEntityManagerFactoryBean - Initialized JPA EntityManagerFactory for persistence unit 'default'
2026-05-11 10:17:39 INFO  o.s.d.j.r.query.QueryEnhancerFactory - Hibernate is in classpath; If applicable, HQL parser will be used.
2026-05-11 10:17:40 INFO  o.s.boot.SpringApplication - Started application in 7.295 seconds (process running for 8.139)
2026-05-11 10:17:40 DEBUG ubb.dbsm.Main - Crating the fxmlLoader
2026-05-11 10:17:40 DEBUG ubb.dbsm.Main - Loading the fxmlLoader
2026-05-11 10:17:40 WARN  javafx - Loading FXML document with JavaFX API of version 25 by JavaFX runtime of version 21.0.9
2026-05-11 10:17:40 DEBUG ubb.dbsm.Main - Opening login window
2026-05-11 10:17:45 INFO  ubb.dbsm.service.UserService - Authenticating user test with password 123
2026-05-11 10:17:45 ERROR ubb.dbsm.controller.LoginController - Failed in login
java.util.NoSuchElementException: No value present
	at java.base/java.util.Optional.orElseThrow(Optional.java:377)
	at ubb.dbsm.service.UserService.authenticate(UserService.java:17)
	at ubb.dbsm.controller.LoginController.loginPressed(LoginController.java:54)
	at ubb.dbsm.controller.LoginController.lambda$initialize$1(LoginController.java:39)
	at javafx.base@21.0.9/com.sun.javafx.event.CompositeEventHandler.dispatchBubblingEvent(CompositeEventHandler.java:86)
	at javafx.base@21.0.9/com.sun.javafx.event.EventHandlerManager.dispatchBubblingEvent(EventHandlerManager.java:232)
	at javafx.base@21.0.9/com.sun.javafx.event.EventHandlerManager.dispatchBubblingEvent(EventHandlerManager.java:189)
	at javafx.base@21.0.9/com.sun.javafx.event.CompositeEventDispatcher.dispatchBubblingEvent(CompositeEventDispatcher.java:59)
	at javafx.base@21.0.9/com.sun.javafx.event.BasicEventDispatcher.dispatchEvent(BasicEventDispatcher.java:58)
	at javafx.base@21.0.9/com.sun.javafx.event.EventDispatchChainImpl.dispatchEvent(EventDispatchChainImpl.java:114)
	at javafx.base@21.0.9/com.sun.javafx.event.BasicEventDispatcher.dispatchEvent(BasicEventDispatcher.java:56)
	at javafx.base@21.0.9/com.sun.javafx.event.EventDispatchChainImpl.dispatchEvent(EventDispatchChainImpl.java:114)
	at javafx.base@21.0.9/com.sun.javafx.event.BasicEventDispatcher.dispatchEvent(BasicEventDispatcher.java:56)
	at javafx.base@21.0.9/com.sun.javafx.event.EventDispatchChainImpl.dispatchEvent(EventDispatchChainImpl.java:114)
	at javafx.base@21.0.9/com.sun.javafx.event.EventUtil.fireEventImpl(EventUtil.java:74)
	at javafx.base@21.0.9/com.sun.javafx.event.EventUtil.fireEvent(EventUtil.java:54)
	at javafx.base@21.0.9/javafx.event.Event.fireEvent(Event.java:198)
	at javafx.graphics@21.0.9/javafx.scene.Scene.processKeyEvent(Scene.java:2194)
	at javafx.graphics@21.0.9/javafx.scene.Scene$ScenePeerListener.keyEvent(Scene.java:2715)
	at javafx.graphics@21.0.9/com.sun.javafx.tk.quantum.GlassViewEventHandler$KeyEventNotification.run(GlassViewEventHandler.java:218)
	at javafx.graphics@21.0.9/com.sun.javafx.tk.quantum.GlassViewEventHandler$KeyEventNotification.run(GlassViewEventHandler.java:150)
	at java.base/java.security.AccessController.doPrivileged(AccessController.java:400)
	at javafx.graphics@21.0.9/com.sun.javafx.tk.quantum.GlassViewEventHandler.lambda$handleKeyEvent$1(GlassViewEventHandler.java:250)
	at javafx.graphics@21.0.9/com.sun.javafx.tk.quantum.QuantumToolkit.runWithoutRenderLock(QuantumToolkit.java:424)
	at javafx.graphics@21.0.9/com.sun.javafx.tk.quantum.GlassViewEventHandler.handleKeyEvent(GlassViewEventHandler.java:249)
	at javafx.graphics@21.0.9/com.sun.glass.ui.View.handleKeyEvent(View.java:542)
	at javafx.graphics@21.0.9/com.sun.glass.ui.View.notifyKey(View.java:966)
	at javafx.graphics@21.0.9/com.sun.glass.ui.win.WinApplication._runLoop(Native Method)
	at javafx.graphics@21.0.9/com.sun.glass.ui.win.WinApplication.lambda$runLoop$3(WinApplication.java:185)
	at java.base/java.lang.Thread.run(Thread.java:1583)
2026-05-11 10:17:45 DEBUG ubb.dbsm.Main - Showing error: No value present
2026-05-11 10:18:09 INFO  o.s.boot.SpringApplication - Starting application using Java 21.0.10 with PID 13252 (started by codri in E:\GitHub\TankingTanks)
2026-05-11 10:18:09 INFO  o.s.boot.SpringApplication - No active profile set, falling back to 1 default profile: "default"
2026-05-11 10:18:10 INFO  o.s.d.r.c.RepositoryConfigurationDelegate - Bootstrapping Spring Data JPA repositories in DEFAULT mode.
2026-05-11 10:18:10 INFO  o.s.d.r.c.RepositoryConfigurationDelegate - Finished Spring Data repository scanning in 71 ms. Found 4 JPA repository interfaces.
2026-05-11 10:18:11 INFO  org.ehcache.core.EhcacheManager - Cache 'manufacturers' created in EhcacheManager.
2026-05-11 10:18:11 INFO  org.ehcache.core.EhcacheManager - Cache 'tanks' created in EhcacheManager.
2026-05-11 10:18:11 INFO  org.ehcache.core.EhcacheManager - Cache 'manufacturer' created in EhcacheManager.
2026-05-11 10:18:11 INFO  o.ehcache.jsr107.Eh107CacheManager - Registering Ehcache MBean javax.cache:type=CacheStatistics,CacheManager=file./E./GitHub/TankingTanks/build/resources/main/ehcache.xml,Cache=manufacturers
2026-05-11 10:18:11 INFO  o.ehcache.jsr107.Eh107CacheManager - Registering Ehcache MBean javax.cache:type=CacheStatistics,CacheManager=file./E./GitHub/TankingTanks/build/resources/main/ehcache.xml,Cache=tanks
2026-05-11 10:18:11 INFO  o.ehcache.jsr107.Eh107CacheManager - Registering Ehcache MBean javax.cache:type=CacheStatistics,CacheManager=file./E./GitHub/TankingTanks/build/resources/main/ehcache.xml,Cache=manufacturer
2026-05-11 10:18:11 INFO  com.zaxxer.hikari.HikariDataSource - HikariPool-1 - Starting...
2026-05-11 10:18:12 INFO  com.zaxxer.hikari.pool.HikariPool - HikariPool-1 - Added connection ConnectionID:1 ClientConnectionId: 2af3b1b8-0b2b-49be-a139-a313f2a1a878
2026-05-11 10:18:12 INFO  com.zaxxer.hikari.HikariDataSource - HikariPool-1 - Start completed.
2026-05-11 10:18:12 INFO  liquibase.database - Set default schema name to dbo
2026-05-11 10:18:12 INFO  liquibase.changelog - Reading from DATABASECHANGELOG
2026-05-11 10:18:12 INFO  liquibase.ui - Database is up to date, no changesets to execute
2026-05-11 10:18:12 INFO  liquibase.changelog - Reading from DATABASECHANGELOG
2026-05-11 10:18:12 INFO  liquibase.util - UPDATE SUMMARY
2026-05-11 10:18:12 INFO  liquibase.util - Run:                          0
2026-05-11 10:18:12 INFO  liquibase.util - Previously run:              12
2026-05-11 10:18:12 INFO  liquibase.util - Filtered out:                 0
2026-05-11 10:18:12 INFO  liquibase.util - -------------------------------
2026-05-11 10:18:12 INFO  liquibase.util - Total change sets:           12
2026-05-11 10:18:12 INFO  liquibase.util - Update summary generated
2026-05-11 10:18:12 INFO  liquibase.lockservice - Successfully released change log lock
2026-05-11 10:18:12 INFO  liquibase.command - Command execution complete
2026-05-11 10:18:13 INFO  o.h.jpa.internal.util.LogHelper - HHH000204: Processing PersistenceUnitInfo [name: default]
2026-05-11 10:18:13 INFO  org.hibernate.Version - HHH000412: Hibernate ORM core version 6.5.2.Final
2026-05-11 10:18:13 INFO  o.h.c.i.RegionFactoryInitiator - HHH000026: Second-level cache disabled
2026-05-11 10:18:13 INFO  o.s.o.j.p.SpringPersistenceUnitInfo - No LoadTimeWeaver setup: ignoring JPA class transformer
2026-05-11 10:18:13 WARN  org.hibernate.orm.deprecation - HHH90000025: SQLServerDialect does not need to be specified explicitly using 'hibernate.dialect' (remove the property setting and it will be selected by default)
2026-05-11 10:18:14 INFO  o.h.e.t.j.p.i.JtaPlatformInitiator - HHH000489: No JTA platform available (set 'hibernate.transaction.jta.platform' to enable JTA platform integration)
2026-05-11 10:18:14 INFO  o.s.o.j.LocalContainerEntityManagerFactoryBean - Initialized JPA EntityManagerFactory for persistence unit 'default'
2026-05-11 10:18:15 INFO  o.s.d.j.r.query.QueryEnhancerFactory - Hibernate is in classpath; If applicable, HQL parser will be used.
2026-05-11 10:18:15 INFO  o.s.boot.SpringApplication - Started application in 6.374 seconds (process running for 7.052)
2026-05-11 10:18:15 DEBUG ubb.dbsm.Main - Crating the fxmlLoader
2026-05-11 10:18:15 DEBUG ubb.dbsm.Main - Loading the fxmlLoader
2026-05-11 10:18:15 WARN  javafx - Loading FXML document with JavaFX API of version 25 by JavaFX runtime of version 21.0.9
2026-05-11 10:18:16 DEBUG ubb.dbsm.Main - Opening login window
2026-05-11 10:18:19 INFO  ubb.dbsm.service.UserService - Authenticating user admin with password 123
2026-05-11 10:18:19 WARN  javafx - Loading FXML document with JavaFX API of version 25 by JavaFX runtime of version 21.0.9
2026-05-11 10:20:41 DEBUG ubb.dbsm.service.TankService - Searching for manufacturer with name  as admin
2026-05-11 10:20:45 DEBUG ubb.dbsm.service.TankService - Deleting Tank with id 51, by admin
2026-05-11 10:25:42 INFO  o.s.boot.SpringApplication - Starting application using Java 21.0.10 with PID 1992 (started by codri in E:\GitHub\TankingTanks)
2026-05-11 10:25:42 INFO  o.s.boot.SpringApplication - No active profile set, falling back to 1 default profile: "default"
2026-05-11 10:25:42 INFO  o.s.d.r.c.RepositoryConfigurationDelegate - Bootstrapping Spring Data JPA repositories in DEFAULT mode.
2026-05-11 10:25:42 INFO  o.s.d.r.c.RepositoryConfigurationDelegate - Finished Spring Data repository scanning in 68 ms. Found 4 JPA repository interfaces.
2026-05-11 10:25:43 INFO  org.ehcache.core.EhcacheManager - Cache 'manufacturers' created in EhcacheManager.
2026-05-11 10:25:43 INFO  org.ehcache.core.EhcacheManager - Cache 'tanks' created in EhcacheManager.
2026-05-11 10:25:43 INFO  org.ehcache.core.EhcacheManager - Cache 'manufacturer' created in EhcacheManager.
2026-05-11 10:25:43 INFO  o.ehcache.jsr107.Eh107CacheManager - Registering Ehcache MBean javax.cache:type=CacheStatistics,CacheManager=file./E./GitHub/TankingTanks/build/resources/main/ehcache.xml,Cache=manufacturers
2026-05-11 10:25:43 INFO  o.ehcache.jsr107.Eh107CacheManager - Registering Ehcache MBean javax.cache:type=CacheStatistics,CacheManager=file./E./GitHub/TankingTanks/build/resources/main/ehcache.xml,Cache=tanks
2026-05-11 10:25:43 INFO  o.ehcache.jsr107.Eh107CacheManager - Registering Ehcache MBean javax.cache:type=CacheStatistics,CacheManager=file./E./GitHub/TankingTanks/build/resources/main/ehcache.xml,Cache=manufacturer
2026-05-11 10:25:43 INFO  com.zaxxer.hikari.HikariDataSource - HikariPool-1 - Starting...
2026-05-11 10:25:44 INFO  com.zaxxer.hikari.pool.HikariPool - HikariPool-1 - Added connection ConnectionID:1 ClientConnectionId: b115ef41-4909-4cf8-95f6-178be588070a
2026-05-11 10:25:44 INFO  com.zaxxer.hikari.HikariDataSource - HikariPool-1 - Start completed.
2026-05-11 10:25:44 INFO  liquibase.database - Set default schema name to dbo
2026-05-11 10:25:44 INFO  liquibase.changelog - Reading from DATABASECHANGELOG
2026-05-11 10:25:44 INFO  liquibase.ui - Database is up to date, no changesets to execute
2026-05-11 10:25:44 INFO  liquibase.changelog - Reading from DATABASECHANGELOG
2026-05-11 10:25:44 INFO  liquibase.util - UPDATE SUMMARY
2026-05-11 10:25:44 INFO  liquibase.util - Run:                          0
2026-05-11 10:25:44 INFO  liquibase.util - Previously run:              12
2026-05-11 10:25:44 INFO  liquibase.util - Filtered out:                 0
2026-05-11 10:25:44 INFO  liquibase.util - -------------------------------
2026-05-11 10:25:44 INFO  liquibase.util - Total change sets:           12
2026-05-11 10:25:44 INFO  liquibase.util - Update summary generated
2026-05-11 10:25:45 INFO  liquibase.lockservice - Successfully released change log lock
2026-05-11 10:25:45 INFO  liquibase.command - Command execution complete
2026-05-11 10:25:45 INFO  o.h.jpa.internal.util.LogHelper - HHH000204: Processing PersistenceUnitInfo [name: default]
2026-05-11 10:25:45 INFO  org.hibernate.Version - HHH000412: Hibernate ORM core version 6.5.2.Final
2026-05-11 10:25:45 INFO  o.h.c.i.RegionFactoryInitiator - HHH000026: Second-level cache disabled
2026-05-11 10:25:45 INFO  o.s.o.j.p.SpringPersistenceUnitInfo - No LoadTimeWeaver setup: ignoring JPA class transformer
2026-05-11 10:25:45 WARN  org.hibernate.orm.deprecation - HHH90000025: SQLServerDialect does not need to be specified explicitly using 'hibernate.dialect' (remove the property setting and it will be selected by default)
2026-05-11 10:25:46 INFO  o.h.e.t.j.p.i.JtaPlatformInitiator - HHH000489: No JTA platform available (set 'hibernate.transaction.jta.platform' to enable JTA platform integration)
2026-05-11 10:25:46 INFO  o.s.o.j.LocalContainerEntityManagerFactoryBean - Initialized JPA EntityManagerFactory for persistence unit 'default'
2026-05-11 10:25:47 INFO  o.s.d.j.r.query.QueryEnhancerFactory - Hibernate is in classpath; If applicable, HQL parser will be used.
2026-05-11 10:25:47 INFO  o.s.boot.SpringApplication - Started application in 6.366 seconds (process running for 7.079)
2026-05-11 10:25:47 DEBUG ubb.dbsm.Main - Crating the fxmlLoader
2026-05-11 10:25:47 DEBUG ubb.dbsm.Main - Loading the fxmlLoader
2026-05-11 10:25:47 WARN  javafx - Loading FXML document with JavaFX API of version 25 by JavaFX runtime of version 21.0.9
2026-05-11 10:25:48 DEBUG ubb.dbsm.Main - Opening login window
2026-05-11 10:25:52 INFO  ubb.dbsm.service.UserService - Authenticating user admin with password 123
2026-05-11 10:25:52 WARN  javafx - Loading FXML document with JavaFX API of version 25 by JavaFX runtime of version 21.0.9
2026-05-11 10:25:54 DEBUG ubb.dbsm.service.TankService - Searching for manufacturer with name  as admin
2026-05-11 10:25:55 DEBUG ubb.dbsm.service.TankService - Searching for manufacturer with name  as admin
2026-05-11 10:25:58 WARN  ubb.dbsm.service.TankService - Admin hard deleting tank with id: 51
2026-05-11 10:25:58 DEBUG ubb.dbsm.Main - Showing info: Tank Deleted Successfully!
2026-05-11 10:26:04 DEBUG ubb.dbsm.service.TankService - Searching for manufacturer with name  as admin
2026-05-11 10:26:18 DEBUG ubb.dbsm.service.TankService - Saving Tank with name Panzer V
2026-05-11 10:26:18 DEBUG ubb.dbsm.service.TankService - Saved Tank with name Panzer V
2026-05-11 10:26:22 DEBUG ubb.dbsm.service.TankService - Searching for manufacturer with name  as admin
2026-05-11 10:26:29 INFO  ubb.dbsm.Main - Application shutting down, closing resources
2026-05-11 10:26:29 INFO  o.s.o.j.LocalContainerEntityManagerFactoryBean - Closing JPA EntityManagerFactory for persistence unit 'default'
2026-05-11 10:26:29 INFO  com.zaxxer.hikari.HikariDataSource - HikariPool-1 - Shutdown initiated...
2026-05-11 10:26:29 INFO  com.zaxxer.hikari.HikariDataSource - HikariPool-1 - Shutdown completed.
2026-05-11 10:26:29 INFO  org.ehcache.core.EhcacheManager - Cache 'manufacturers' removed from EhcacheManager.
2026-05-11 10:26:29 INFO  org.ehcache.core.EhcacheManager - Cache 'tanks' removed from EhcacheManager.
2026-05-11 10:26:29 INFO  org.ehcache.core.EhcacheManager - Cache 'manufacturer' removed from EhcacheManager.
2026-05-11 10:26:29 INFO  ubb.dbsm.Main - Application shutting down
2026-05-11 10:26:34 INFO  o.s.boot.SpringApplication - Starting application using Java 21.0.10 with PID 22360 (started by codri in E:\GitHub\TankingTanks)
2026-05-11 10:26:34 INFO  o.s.boot.SpringApplication - No active profile set, falling back to 1 default profile: "default"
2026-05-11 10:26:35 INFO  o.s.d.r.c.RepositoryConfigurationDelegate - Bootstrapping Spring Data JPA repositories in DEFAULT mode.
2026-05-11 10:26:35 INFO  o.s.d.r.c.RepositoryConfigurationDelegate - Finished Spring Data repository scanning in 81 ms. Found 4 JPA repository interfaces.
2026-05-11 10:26:36 INFO  org.ehcache.core.EhcacheManager - Cache 'manufacturers' created in EhcacheManager.
2026-05-11 10:26:36 INFO  org.ehcache.core.EhcacheManager - Cache 'tanks' created in EhcacheManager.
2026-05-11 10:26:36 INFO  org.ehcache.core.EhcacheManager - Cache 'manufacturer' created in EhcacheManager.
2026-05-11 10:26:36 INFO  o.ehcache.jsr107.Eh107CacheManager - Registering Ehcache MBean javax.cache:type=CacheStatistics,CacheManager=file./E./GitHub/TankingTanks/build/resources/main/ehcache.xml,Cache=manufacturers
2026-05-11 10:26:36 INFO  o.ehcache.jsr107.Eh107CacheManager - Registering Ehcache MBean javax.cache:type=CacheStatistics,CacheManager=file./E./GitHub/TankingTanks/build/resources/main/ehcache.xml,Cache=tanks
2026-05-11 10:26:36 INFO  o.ehcache.jsr107.Eh107CacheManager - Registering Ehcache MBean javax.cache:type=CacheStatistics,CacheManager=file./E./GitHub/TankingTanks/build/resources/main/ehcache.xml,Cache=manufacturer
2026-05-11 10:26:36 INFO  com.zaxxer.hikari.HikariDataSource - HikariPool-1 - Starting...
2026-05-11 10:26:36 INFO  com.zaxxer.hikari.pool.HikariPool - HikariPool-1 - Added connection ConnectionID:1 ClientConnectionId: ed5b5d09-14f3-4bd2-9db5-4c0683256cdf
2026-05-11 10:26:36 INFO  com.zaxxer.hikari.HikariDataSource - HikariPool-1 - Start completed.
2026-05-11 10:26:37 INFO  liquibase.database - Set default schema name to dbo
2026-05-11 10:26:37 INFO  liquibase.changelog - Reading from DATABASECHANGELOG
2026-05-11 10:26:37 INFO  liquibase.ui - Database is up to date, no changesets to execute
2026-05-11 10:26:37 INFO  liquibase.changelog - Reading from DATABASECHANGELOG
2026-05-11 10:26:37 INFO  liquibase.util - UPDATE SUMMARY
2026-05-11 10:26:37 INFO  liquibase.util - Run:                          0
2026-05-11 10:26:37 INFO  liquibase.util - Previously run:              12
2026-05-11 10:26:37 INFO  liquibase.util - Filtered out:                 0
2026-05-11 10:26:37 INFO  liquibase.util - -------------------------------
2026-05-11 10:26:37 INFO  liquibase.util - Total change sets:           12
2026-05-11 10:26:37 INFO  liquibase.util - Update summary generated
2026-05-11 10:26:37 INFO  liquibase.lockservice - Successfully released change log lock
2026-05-11 10:26:37 INFO  liquibase.command - Command execution complete
2026-05-11 10:26:37 INFO  o.h.jpa.internal.util.LogHelper - HHH000204: Processing PersistenceUnitInfo [name: default]
2026-05-11 10:26:38 INFO  org.hibernate.Version - HHH000412: Hibernate ORM core version 6.5.2.Final
2026-05-11 10:26:38 INFO  o.h.c.i.RegionFactoryInitiator - HHH000026: Second-level cache disabled
2026-05-11 10:26:38 INFO  o.s.o.j.p.SpringPersistenceUnitInfo - No LoadTimeWeaver setup: ignoring JPA class transformer
2026-05-11 10:26:38 WARN  org.hibernate.orm.deprecation - HHH90000025: SQLServerDialect does not need to be specified explicitly using 'hibernate.dialect' (remove the property setting and it will be selected by default)
2026-05-11 10:26:39 INFO  o.h.e.t.j.p.i.JtaPlatformInitiator - HHH000489: No JTA platform available (set 'hibernate.transaction.jta.platform' to enable JTA platform integration)
2026-05-11 10:26:39 INFO  o.s.o.j.LocalContainerEntityManagerFactoryBean - Initialized JPA EntityManagerFactory for persistence unit 'default'
2026-05-11 10:26:40 INFO  o.s.d.j.r.query.QueryEnhancerFactory - Hibernate is in classpath; If applicable, HQL parser will be used.
2026-05-11 10:26:41 INFO  o.s.boot.SpringApplication - Started application in 7.785 seconds (process running for 8.611)
2026-05-11 10:26:41 DEBUG ubb.dbsm.Main - Crating the fxmlLoader
2026-05-11 10:26:41 DEBUG ubb.dbsm.Main - Loading the fxmlLoader
2026-05-11 10:26:41 WARN  javafx - Loading FXML document with JavaFX API of version 25 by JavaFX runtime of version 21.0.9
2026-05-11 10:26:42 DEBUG ubb.dbsm.Main - Opening login window
2026-05-11 10:26:48 INFO  ubb.dbsm.service.UserService - Authenticating user codrin with password 123
2026-05-11 10:26:48 WARN  javafx - Loading FXML document with JavaFX API of version 25 by JavaFX runtime of version 21.0.9
2026-05-11 10:26:51 DEBUG ubb.dbsm.service.TankService - Searching for manufacturer with name  as user
2026-05-11 10:26:55 DEBUG ubb.dbsm.service.TankService - Soft deleting Tank with id 52, by codrin
2026-05-11 10:26:55 DEBUG ubb.dbsm.Main - Showing info: Tank Deleted Successfully!
2026-05-11 10:26:59 DEBUG ubb.dbsm.service.TankService - Searching for manufacturer with name  as user
2026-05-11 10:27:03 INFO  ubb.dbsm.Main - Application shutting down, closing resources
2026-05-11 10:27:03 INFO  o.s.o.j.LocalContainerEntityManagerFactoryBean - Closing JPA EntityManagerFactory for persistence unit 'default'
2026-05-11 10:27:03 INFO  com.zaxxer.hikari.HikariDataSource - HikariPool-1 - Shutdown initiated...
2026-05-11 10:27:03 INFO  com.zaxxer.hikari.HikariDataSource - HikariPool-1 - Shutdown completed.
2026-05-11 10:27:03 INFO  org.ehcache.core.EhcacheManager - Cache 'manufacturers' removed from EhcacheManager.
2026-05-11 10:27:03 INFO  org.ehcache.core.EhcacheManager - Cache 'tanks' removed from EhcacheManager.
2026-05-11 10:27:03 INFO  org.ehcache.core.EhcacheManager - Cache 'manufacturer' removed from EhcacheManager.
2026-05-11 10:27:03 INFO  ubb.dbsm.Main - Application shutting down
2026-05-11 10:27:09 INFO  o.s.boot.SpringApplication - Starting application using Java 21.0.10 with PID 12884 (started by codri in E:\GitHub\TankingTanks)
2026-05-11 10:27:09 INFO  o.s.boot.SpringApplication - No active profile set, falling back to 1 default profile: "default"
2026-05-11 10:27:09 INFO  o.s.d.r.c.RepositoryConfigurationDelegate - Bootstrapping Spring Data JPA repositories in DEFAULT mode.
2026-05-11 10:27:09 INFO  o.s.d.r.c.RepositoryConfigurationDelegate - Finished Spring Data repository scanning in 72 ms. Found 4 JPA repository interfaces.
2026-05-11 10:27:10 INFO  org.ehcache.core.EhcacheManager - Cache 'manufacturers' created in EhcacheManager.
2026-05-11 10:27:10 INFO  org.ehcache.core.EhcacheManager - Cache 'tanks' created in EhcacheManager.
2026-05-11 10:27:10 INFO  org.ehcache.core.EhcacheManager - Cache 'manufacturer' created in EhcacheManager.
2026-05-11 10:27:10 INFO  o.ehcache.jsr107.Eh107CacheManager - Registering Ehcache MBean javax.cache:type=CacheStatistics,CacheManager=file./E./GitHub/TankingTanks/build/resources/main/ehcache.xml,Cache=manufacturers
2026-05-11 10:27:10 INFO  o.ehcache.jsr107.Eh107CacheManager - Registering Ehcache MBean javax.cache:type=CacheStatistics,CacheManager=file./E./GitHub/TankingTanks/build/resources/main/ehcache.xml,Cache=tanks
2026-05-11 10:27:10 INFO  o.ehcache.jsr107.Eh107CacheManager - Registering Ehcache MBean javax.cache:type=CacheStatistics,CacheManager=file./E./GitHub/TankingTanks/build/resources/main/ehcache.xml,Cache=manufacturer
2026-05-11 10:27:11 INFO  com.zaxxer.hikari.HikariDataSource - HikariPool-1 - Starting...
2026-05-11 10:27:11 INFO  com.zaxxer.hikari.pool.HikariPool - HikariPool-1 - Added connection ConnectionID:1 ClientConnectionId: 1ad46584-93aa-4d1c-a9b2-9fe7800ccb5c
2026-05-11 10:27:11 INFO  com.zaxxer.hikari.HikariDataSource - HikariPool-1 - Start completed.
2026-05-11 10:27:11 INFO  liquibase.database - Set default schema name to dbo
2026-05-11 10:27:12 INFO  liquibase.changelog - Reading from DATABASECHANGELOG
2026-05-11 10:27:12 INFO  liquibase.ui - Database is up to date, no changesets to execute
2026-05-11 10:27:12 INFO  liquibase.changelog - Reading from DATABASECHANGELOG
2026-05-11 10:27:12 INFO  liquibase.util - UPDATE SUMMARY
2026-05-11 10:27:12 INFO  liquibase.util - Run:                          0
2026-05-11 10:27:12 INFO  liquibase.util - Previously run:              12
2026-05-11 10:27:12 INFO  liquibase.util - Filtered out:                 0
2026-05-11 10:27:12 INFO  liquibase.util - -------------------------------
2026-05-11 10:27:12 INFO  liquibase.util - Total change sets:           12
2026-05-11 10:27:12 INFO  liquibase.util - Update summary generated
2026-05-11 10:27:12 INFO  liquibase.lockservice - Successfully released change log lock
2026-05-11 10:27:12 INFO  liquibase.command - Command execution complete
2026-05-11 10:27:12 INFO  o.h.jpa.internal.util.LogHelper - HHH000204: Processing PersistenceUnitInfo [name: default]
2026-05-11 10:27:12 INFO  org.hibernate.Version - HHH000412: Hibernate ORM core version 6.5.2.Final
2026-05-11 10:27:12 INFO  o.h.c.i.RegionFactoryInitiator - HHH000026: Second-level cache disabled
2026-05-11 10:27:12 INFO  o.s.o.j.p.SpringPersistenceUnitInfo - No LoadTimeWeaver setup: ignoring JPA class transformer
2026-05-11 10:27:13 WARN  org.hibernate.orm.deprecation - HHH90000025: SQLServerDialect does not need to be specified explicitly using 'hibernate.dialect' (remove the property setting and it will be selected by default)
2026-05-11 10:27:13 INFO  o.h.e.t.j.p.i.JtaPlatformInitiator - HHH000489: No JTA platform available (set 'hibernate.transaction.jta.platform' to enable JTA platform integration)
2026-05-11 10:27:14 INFO  o.s.o.j.LocalContainerEntityManagerFactoryBean - Initialized JPA EntityManagerFactory for persistence unit 'default'
2026-05-11 10:27:14 INFO  o.s.d.j.r.query.QueryEnhancerFactory - Hibernate is in classpath; If applicable, HQL parser will be used.
2026-05-11 10:27:15 INFO  o.s.boot.SpringApplication - Started application in 6.473 seconds (process running for 7.168)
2026-05-11 10:27:15 DEBUG ubb.dbsm.Main - Crating the fxmlLoader
2026-05-11 10:27:15 DEBUG ubb.dbsm.Main - Loading the fxmlLoader
2026-05-11 10:27:15 WARN  javafx - Loading FXML document with JavaFX API of version 25 by JavaFX runtime of version 21.0.9
2026-05-11 10:27:15 DEBUG ubb.dbsm.Main - Opening login window
2026-05-11 10:27:18 INFO  ubb.dbsm.service.UserService - Authenticating user admin with password 123
2026-05-11 10:27:19 WARN  javafx - Loading FXML document with JavaFX API of version 25 by JavaFX runtime of version 21.0.9
2026-05-11 10:27:21 DEBUG ubb.dbsm.service.TankService - Searching for manufacturer with name  as admin
2026-05-11 10:27:24 INFO  ubb.dbsm.Main - Application shutting down, closing resources
2026-05-11 10:27:24 INFO  o.s.o.j.LocalContainerEntityManagerFactoryBean - Closing JPA EntityManagerFactory for persistence unit 'default'
2026-05-11 10:27:24 INFO  com.zaxxer.hikari.HikariDataSource - HikariPool-1 - Shutdown initiated...
2026-05-11 10:27:24 INFO  com.zaxxer.hikari.HikariDataSource - HikariPool-1 - Shutdown completed.
2026-05-11 10:27:24 INFO  org.ehcache.core.EhcacheManager - Cache 'manufacturers' removed from EhcacheManager.
2026-05-11 10:27:24 INFO  org.ehcache.core.EhcacheManager - Cache 'tanks' removed from EhcacheManager.
2026-05-11 10:27:24 INFO  org.ehcache.core.EhcacheManager - Cache 'manufacturer' removed from EhcacheManager.
2026-05-11 10:27:24 INFO  ubb.dbsm.Main - Application shutting down
2026-05-11 10:31:13 INFO  o.s.boot.SpringApplication - Starting application using Java 21.0.10 with PID 13864 (started by codri in E:\GitHub\TankingTanks)
2026-05-11 10:31:13 INFO  o.s.boot.SpringApplication - No active profile set, falling back to 1 default profile: "default"
2026-05-11 10:31:14 INFO  o.s.d.r.c.RepositoryConfigurationDelegate - Bootstrapping Spring Data JPA repositories in DEFAULT mode.
2026-05-11 10:31:14 INFO  o.s.d.r.c.RepositoryConfigurationDelegate - Finished Spring Data repository scanning in 72 ms. Found 4 JPA repository interfaces.
2026-05-11 10:31:15 INFO  org.ehcache.core.EhcacheManager - Cache 'manufacturers' created in EhcacheManager.
2026-05-11 10:31:15 INFO  org.ehcache.core.EhcacheManager - Cache 'tanks' created in EhcacheManager.
2026-05-11 10:31:15 INFO  org.ehcache.core.EhcacheManager - Cache 'manufacturer' created in EhcacheManager.
2026-05-11 10:31:15 INFO  o.ehcache.jsr107.Eh107CacheManager - Registering Ehcache MBean javax.cache:type=CacheStatistics,CacheManager=file./E./GitHub/TankingTanks/build/resources/main/ehcache.xml,Cache=manufacturers
2026-05-11 10:31:15 INFO  o.ehcache.jsr107.Eh107CacheManager - Registering Ehcache MBean javax.cache:type=CacheStatistics,CacheManager=file./E./GitHub/TankingTanks/build/resources/main/ehcache.xml,Cache=tanks
2026-05-11 10:31:15 INFO  o.ehcache.jsr107.Eh107CacheManager - Registering Ehcache MBean javax.cache:type=CacheStatistics,CacheManager=file./E./GitHub/TankingTanks/build/resources/main/ehcache.xml,Cache=manufacturer
2026-05-11 10:31:15 INFO  com.zaxxer.hikari.HikariDataSource - HikariPool-1 - Starting...
2026-05-11 10:31:15 INFO  com.zaxxer.hikari.pool.HikariPool - HikariPool-1 - Added connection ConnectionID:1 ClientConnectionId: dabf1d0c-6546-4f9b-a74c-d56e59b5a357
2026-05-11 10:31:15 INFO  com.zaxxer.hikari.HikariDataSource - HikariPool-1 - Start completed.
2026-05-11 10:31:16 INFO  liquibase.database - Set default schema name to dbo
2026-05-11 10:31:16 INFO  liquibase.changelog - Reading from DATABASECHANGELOG
2026-05-11 10:31:16 INFO  liquibase.ui - Database is up to date, no changesets to execute
2026-05-11 10:31:16 INFO  liquibase.changelog - Reading from DATABASECHANGELOG
2026-05-11 10:31:16 INFO  liquibase.util - UPDATE SUMMARY
2026-05-11 10:31:16 INFO  liquibase.util - Run:                          0
2026-05-11 10:31:16 INFO  liquibase.util - Previously run:              12
2026-05-11 10:31:16 INFO  liquibase.util - Filtered out:                 0
2026-05-11 10:31:16 INFO  liquibase.util - -------------------------------
2026-05-11 10:31:16 INFO  liquibase.util - Total change sets:           12
2026-05-11 10:31:16 INFO  liquibase.util - Update summary generated
2026-05-11 10:31:16 INFO  liquibase.lockservice - Successfully released change log lock
2026-05-11 10:31:16 INFO  liquibase.command - Command execution complete
2026-05-11 10:31:16 INFO  o.h.jpa.internal.util.LogHelper - HHH000204: Processing PersistenceUnitInfo [name: default]
2026-05-11 10:31:16 INFO  org.hibernate.Version - HHH000412: Hibernate ORM core version 6.5.2.Final
2026-05-11 10:31:17 INFO  o.h.c.i.RegionFactoryInitiator - HHH000026: Second-level cache disabled
2026-05-11 10:31:17 INFO  o.s.o.j.p.SpringPersistenceUnitInfo - No LoadTimeWeaver setup: ignoring JPA class transformer
2026-05-11 10:31:17 WARN  org.hibernate.orm.deprecation - HHH90000025: SQLServerDialect does not need to be specified explicitly using 'hibernate.dialect' (remove the property setting and it will be selected by default)
2026-05-11 10:31:18 INFO  o.h.e.t.j.p.i.JtaPlatformInitiator - HHH000489: No JTA platform available (set 'hibernate.transaction.jta.platform' to enable JTA platform integration)
2026-05-11 10:31:18 INFO  o.s.o.j.LocalContainerEntityManagerFactoryBean - Initialized JPA EntityManagerFactory for persistence unit 'default'
2026-05-11 10:31:18 INFO  o.s.d.j.r.query.QueryEnhancerFactory - Hibernate is in classpath; If applicable, HQL parser will be used.
2026-05-11 10:31:19 INFO  o.s.boot.SpringApplication - Started application in 6.194 seconds (process running for 6.882)
2026-05-11 10:31:19 DEBUG ubb.dbsm.Main - Crating the fxmlLoader
2026-05-11 10:31:19 DEBUG ubb.dbsm.Main - Loading the fxmlLoader
2026-05-11 10:31:19 WARN  javafx - Loading FXML document with JavaFX API of version 25 by JavaFX runtime of version 21.0.9
2026-05-11 10:31:19 DEBUG ubb.dbsm.Main - Opening login window
2026-05-11 10:31:24 INFO  ubb.dbsm.service.UserService - Authenticating user admin with password 123
2026-05-11 10:31:25 WARN  javafx - Loading FXML document with JavaFX API of version 25 by JavaFX runtime of version 21.0.9
2026-05-11 10:31:27 DEBUG ubb.dbsm.service.TankService - Searching for manufacturer with name  as admin
2026-05-11 10:31:46 DEBUG ubb.dbsm.service.TankService - Tank with name Panzer V already exists but is deleted, restoring it
2026-05-11 10:31:46 DEBUG ubb.dbsm.service.TankService - Restored Tank with name Panzer V
2026-05-11 10:31:54 DEBUG ubb.dbsm.service.TankService - Searching for manufacturer with name  as admin
2026-05-11 10:32:02 INFO  ubb.dbsm.Main - Application shutting down, closing resources
2026-05-11 10:32:02 INFO  o.s.o.j.LocalContainerEntityManagerFactoryBean - Closing JPA EntityManagerFactory for persistence unit 'default'
2026-05-11 10:32:02 INFO  com.zaxxer.hikari.HikariDataSource - HikariPool-1 - Shutdown initiated...
2026-05-11 10:32:02 INFO  com.zaxxer.hikari.HikariDataSource - HikariPool-1 - Shutdown completed.
2026-05-11 10:32:02 INFO  org.ehcache.core.EhcacheManager - Cache 'manufacturers' removed from EhcacheManager.
2026-05-11 10:32:02 INFO  org.ehcache.core.EhcacheManager - Cache 'tanks' removed from EhcacheManager.
2026-05-11 10:32:02 INFO  org.ehcache.core.EhcacheManager - Cache 'manufacturer' removed from EhcacheManager.
2026-05-11 10:32:02 INFO  ubb.dbsm.Main - Application shutting down
2026-05-11 10:32:13 INFO  o.s.boot.SpringApplication - Starting application using Java 21.0.10 with PID 22000 (started by codri in E:\GitHub\TankingTanks)
2026-05-11 10:32:13 INFO  o.s.boot.SpringApplication - No active profile set, falling back to 1 default profile: "default"
2026-05-11 10:32:14 INFO  o.s.d.r.c.RepositoryConfigurationDelegate - Bootstrapping Spring Data JPA repositories in DEFAULT mode.
2026-05-11 10:32:14 INFO  o.s.d.r.c.RepositoryConfigurationDelegate - Finished Spring Data repository scanning in 69 ms. Found 4 JPA repository interfaces.
2026-05-11 10:32:15 INFO  org.ehcache.core.EhcacheManager - Cache 'manufacturers' created in EhcacheManager.
2026-05-11 10:32:15 INFO  org.ehcache.core.EhcacheManager - Cache 'tanks' created in EhcacheManager.
2026-05-11 10:32:15 INFO  org.ehcache.core.EhcacheManager - Cache 'manufacturer' created in EhcacheManager.
2026-05-11 10:32:15 INFO  o.ehcache.jsr107.Eh107CacheManager - Registering Ehcache MBean javax.cache:type=CacheStatistics,CacheManager=file./E./GitHub/TankingTanks/build/resources/main/ehcache.xml,Cache=manufacturers
2026-05-11 10:32:15 INFO  o.ehcache.jsr107.Eh107CacheManager - Registering Ehcache MBean javax.cache:type=CacheStatistics,CacheManager=file./E./GitHub/TankingTanks/build/resources/main/ehcache.xml,Cache=tanks
2026-05-11 10:32:15 INFO  o.ehcache.jsr107.Eh107CacheManager - Registering Ehcache MBean javax.cache:type=CacheStatistics,CacheManager=file./E./GitHub/TankingTanks/build/resources/main/ehcache.xml,Cache=manufacturer
2026-05-11 10:32:15 INFO  com.zaxxer.hikari.HikariDataSource - HikariPool-1 - Starting...
2026-05-11 10:32:16 INFO  com.zaxxer.hikari.pool.HikariPool - HikariPool-1 - Added connection ConnectionID:1 ClientConnectionId: 01ee3e49-a022-4cc9-a1ca-42b64a6064d3
2026-05-11 10:32:16 INFO  com.zaxxer.hikari.HikariDataSource - HikariPool-1 - Start completed.
2026-05-11 10:32:16 INFO  liquibase.database - Set default schema name to dbo
2026-05-11 10:32:16 INFO  liquibase.changelog - Reading from DATABASECHANGELOG
2026-05-11 10:32:16 INFO  liquibase.ui - Database is up to date, no changesets to execute
2026-05-11 10:32:16 INFO  liquibase.changelog - Reading from DATABASECHANGELOG
2026-05-11 10:32:16 INFO  liquibase.util - UPDATE SUMMARY
2026-05-11 10:32:16 INFO  liquibase.util - Run:                          0
2026-05-11 10:32:16 INFO  liquibase.util - Previously run:              12
2026-05-11 10:32:16 INFO  liquibase.util - Filtered out:                 0
2026-05-11 10:32:16 INFO  liquibase.util - -------------------------------
2026-05-11 10:32:16 INFO  liquibase.util - Total change sets:           12
2026-05-11 10:32:16 INFO  liquibase.util - Update summary generated
2026-05-11 10:32:16 INFO  liquibase.lockservice - Successfully released change log lock
2026-05-11 10:32:16 INFO  liquibase.command - Command execution complete
2026-05-11 10:32:16 INFO  o.h.jpa.internal.util.LogHelper - HHH000204: Processing PersistenceUnitInfo [name: default]
2026-05-11 10:32:17 INFO  org.hibernate.Version - HHH000412: Hibernate ORM core version 6.5.2.Final
2026-05-11 10:32:17 INFO  o.h.c.i.RegionFactoryInitiator - HHH000026: Second-level cache disabled
2026-05-11 10:32:17 INFO  o.s.o.j.p.SpringPersistenceUnitInfo - No LoadTimeWeaver setup: ignoring JPA class transformer
2026-05-11 10:32:17 WARN  org.hibernate.orm.deprecation - HHH90000025: SQLServerDialect does not need to be specified explicitly using 'hibernate.dialect' (remove the property setting and it will be selected by default)
2026-05-11 10:32:18 INFO  o.h.e.t.j.p.i.JtaPlatformInitiator - HHH000489: No JTA platform available (set 'hibernate.transaction.jta.platform' to enable JTA platform integration)
2026-05-11 10:32:18 INFO  o.s.o.j.LocalContainerEntityManagerFactoryBean - Initialized JPA EntityManagerFactory for persistence unit 'default'
2026-05-11 10:32:19 INFO  o.s.d.j.r.query.QueryEnhancerFactory - Hibernate is in classpath; If applicable, HQL parser will be used.
2026-05-11 10:32:19 INFO  o.s.boot.SpringApplication - Started application in 6.335 seconds (process running for 7.033)
2026-05-11 10:32:19 DEBUG ubb.dbsm.Main - Crating the fxmlLoader
2026-05-11 10:32:19 DEBUG ubb.dbsm.Main - Loading the fxmlLoader
2026-05-11 10:32:19 WARN  javafx - Loading FXML document with JavaFX API of version 25 by JavaFX runtime of version 21.0.9
2026-05-11 10:32:19 DEBUG ubb.dbsm.Main - Opening login window
2026-05-11 10:32:23 INFO  ubb.dbsm.service.UserService - Authenticating user codrin with password 123
2026-05-11 10:32:23 WARN  javafx - Loading FXML document with JavaFX API of version 25 by JavaFX runtime of version 21.0.9
2026-05-11 10:32:25 DEBUG ubb.dbsm.service.TankService - Searching for manufacturer with name  as user
2026-05-11 10:32:27 INFO  ubb.dbsm.Main - Application shutting down, closing resources
2026-05-11 10:32:27 INFO  o.s.o.j.LocalContainerEntityManagerFactoryBean - Closing JPA EntityManagerFactory for persistence unit 'default'
2026-05-11 10:32:27 INFO  com.zaxxer.hikari.HikariDataSource - HikariPool-1 - Shutdown initiated...
2026-05-11 10:32:27 INFO  com.zaxxer.hikari.HikariDataSource - HikariPool-1 - Shutdown completed.
2026-05-11 10:32:27 INFO  org.ehcache.core.EhcacheManager - Cache 'manufacturers' removed from EhcacheManager.
2026-05-11 10:32:27 INFO  org.ehcache.core.EhcacheManager - Cache 'tanks' removed from EhcacheManager.
2026-05-11 10:32:27 INFO  org.ehcache.core.EhcacheManager - Cache 'manufacturer' removed from EhcacheManager.
2026-05-11 10:32:27 INFO  ubb.dbsm.Main - Application shutting down
2026-05-11 10:33:16 INFO  o.s.boot.SpringApplication - Starting application using Java 21.0.10 with PID 19508 (started by codri in E:\GitHub\TankingTanks)
2026-05-11 10:33:16 INFO  o.s.boot.SpringApplication - No active profile set, falling back to 1 default profile: "default"
2026-05-11 10:33:16 INFO  o.s.d.r.c.RepositoryConfigurationDelegate - Bootstrapping Spring Data JPA repositories in DEFAULT mode.
2026-05-11 10:33:16 INFO  o.s.d.r.c.RepositoryConfigurationDelegate - Finished Spring Data repository scanning in 72 ms. Found 4 JPA repository interfaces.
2026-05-11 10:33:17 INFO  org.ehcache.core.EhcacheManager - Cache 'manufacturers' created in EhcacheManager.
2026-05-11 10:33:17 INFO  org.ehcache.core.EhcacheManager - Cache 'tanks' created in EhcacheManager.
2026-05-11 10:33:17 INFO  org.ehcache.core.EhcacheManager - Cache 'manufacturer' created in EhcacheManager.
2026-05-11 10:33:17 INFO  o.ehcache.jsr107.Eh107CacheManager - Registering Ehcache MBean javax.cache:type=CacheStatistics,CacheManager=file./E./GitHub/TankingTanks/build/resources/main/ehcache.xml,Cache=manufacturers
2026-05-11 10:33:17 INFO  o.ehcache.jsr107.Eh107CacheManager - Registering Ehcache MBean javax.cache:type=CacheStatistics,CacheManager=file./E./GitHub/TankingTanks/build/resources/main/ehcache.xml,Cache=tanks
2026-05-11 10:33:17 INFO  o.ehcache.jsr107.Eh107CacheManager - Registering Ehcache MBean javax.cache:type=CacheStatistics,CacheManager=file./E./GitHub/TankingTanks/build/resources/main/ehcache.xml,Cache=manufacturer
2026-05-11 10:33:17 INFO  com.zaxxer.hikari.HikariDataSource - HikariPool-1 - Starting...
2026-05-11 10:33:18 INFO  com.zaxxer.hikari.pool.HikariPool - HikariPool-1 - Added connection ConnectionID:1 ClientConnectionId: a866c76f-ef3e-4f88-8ca1-86ad02e81f19
2026-05-11 10:33:18 INFO  com.zaxxer.hikari.HikariDataSource - HikariPool-1 - Start completed.
2026-05-11 10:33:18 INFO  liquibase.database - Set default schema name to dbo
2026-05-11 10:33:18 INFO  liquibase.changelog - Reading from DATABASECHANGELOG
2026-05-11 10:33:18 INFO  liquibase.ui - Database is up to date, no changesets to execute
2026-05-11 10:33:18 INFO  liquibase.changelog - Reading from DATABASECHANGELOG
2026-05-11 10:33:18 INFO  liquibase.util - UPDATE SUMMARY
2026-05-11 10:33:18 INFO  liquibase.util - Run:                          0
2026-05-11 10:33:18 INFO  liquibase.util - Previously run:              12
2026-05-11 10:33:18 INFO  liquibase.util - Filtered out:                 0
2026-05-11 10:33:18 INFO  liquibase.util - -------------------------------
2026-05-11 10:33:18 INFO  liquibase.util - Total change sets:           12
2026-05-11 10:33:18 INFO  liquibase.util - Update summary generated
2026-05-11 10:33:19 INFO  liquibase.lockservice - Successfully released change log lock
2026-05-11 10:33:19 INFO  liquibase.command - Command execution complete
2026-05-11 10:33:19 INFO  o.h.jpa.internal.util.LogHelper - HHH000204: Processing PersistenceUnitInfo [name: default]
2026-05-11 10:33:19 INFO  org.hibernate.Version - HHH000412: Hibernate ORM core version 6.5.2.Final
2026-05-11 10:33:19 INFO  o.h.c.i.RegionFactoryInitiator - HHH000026: Second-level cache disabled
2026-05-11 10:33:19 INFO  o.s.o.j.p.SpringPersistenceUnitInfo - No LoadTimeWeaver setup: ignoring JPA class transformer
2026-05-11 10:33:19 WARN  org.hibernate.orm.deprecation - HHH90000025: SQLServerDialect does not need to be specified explicitly using 'hibernate.dialect' (remove the property setting and it will be selected by default)
2026-05-11 10:33:20 INFO  o.h.e.t.j.p.i.JtaPlatformInitiator - HHH000489: No JTA platform available (set 'hibernate.transaction.jta.platform' to enable JTA platform integration)
2026-05-11 10:33:20 INFO  o.s.o.j.LocalContainerEntityManagerFactoryBean - Initialized JPA EntityManagerFactory for persistence unit 'default'
2026-05-11 10:33:21 INFO  o.s.d.j.r.query.QueryEnhancerFactory - Hibernate is in classpath; If applicable, HQL parser will be used.
2026-05-11 10:33:21 INFO  o.s.boot.SpringApplication - Started application in 6.138 seconds (process running for 6.848)
2026-05-11 10:33:21 DEBUG ubb.dbsm.Main - Crating the fxmlLoader
2026-05-11 10:33:21 DEBUG ubb.dbsm.Main - Loading the fxmlLoader
2026-05-11 10:33:21 WARN  javafx - Loading FXML document with JavaFX API of version 25 by JavaFX runtime of version 21.0.9
2026-05-11 10:33:21 DEBUG ubb.dbsm.Main - Opening login window
2026-05-11 10:33:25 INFO  ubb.dbsm.service.UserService - Authenticating user admin with password 123
2026-05-11 10:33:25 WARN  javafx - Loading FXML document with JavaFX API of version 25 by JavaFX runtime of version 21.0.9
2026-05-11 10:33:27 DEBUG ubb.dbsm.service.TankService - Searching for manufacturer with name  as admin
2026-05-11 10:33:30 DEBUG ubb.dbsm.service.TankService - Tank with name Panzer V already exists but is deleted, restoring it
2026-05-11 10:33:30 DEBUG ubb.dbsm.service.TankService - Restored Tank with name Panzer V
2026-05-11 10:33:33 DEBUG ubb.dbsm.service.TankService - Searching for manufacturer with name  as admin
2026-05-11 10:33:39 INFO  ubb.dbsm.Main - Application shutting down, closing resources
2026-05-11 10:33:39 INFO  o.s.o.j.LocalContainerEntityManagerFactoryBean - Closing JPA EntityManagerFactory for persistence unit 'default'
2026-05-11 10:33:39 INFO  com.zaxxer.hikari.HikariDataSource - HikariPool-1 - Shutdown initiated...
2026-05-11 10:33:39 INFO  com.zaxxer.hikari.HikariDataSource - HikariPool-1 - Shutdown completed.
2026-05-11 10:33:39 INFO  org.ehcache.core.EhcacheManager - Cache 'manufacturers' removed from EhcacheManager.
2026-05-11 10:33:39 INFO  org.ehcache.core.EhcacheManager - Cache 'tanks' removed from EhcacheManager.
2026-05-11 10:33:39 INFO  org.ehcache.core.EhcacheManager - Cache 'manufacturer' removed from EhcacheManager.
2026-05-11 10:33:39 INFO  ubb.dbsm.Main - Application shutting down
